{"log":"\n","stream":"stdout","time":"2023-11-23T05:43:28.290534787Z"}
{"log":"\u003e frontend@0.0.0 dev\n","stream":"stdout","time":"2023-11-23T05:43:28.291108899Z"}
{"log":"\u003e vite --host\n","stream":"stdout","time":"2023-11-23T05:43:28.291122394Z"}
{"log":"\n","stream":"stdout","time":"2023-11-23T05:43:28.29112548Z"}
{"log":"\n","stream":"stdout","time":"2023-11-23T05:43:31.595621576Z"}
{"log":"  VITE v4.5.0  ready in 2802 ms\n","stream":"stdout","time":"2023-11-23T05:43:31.595666189Z"}
{"log":"\n","stream":"stdout","time":"2023-11-23T05:43:31.595670026Z"}
{"log":"  ➜  Local:   http://localhost:3000/\n","stream":"stdout","time":"2023-11-23T05:43:31.602990878Z"}
{"log":"  ➜  Network: http://172.21.0.3:3000/\n","stream":"stdout","time":"2023-11-23T05:43:31.603126299Z"}
{"log":"5:43:55 AM [vite] ✨ new dependencies optimized: vuetify/lib/components/VApp/index.mjs, vuetify/lib/components/VBtn/index.mjs, vuetify/lib/components/VGrid/index.mjs, vuetify/lib/components/VIcon/index.mjs, vuetify/lib/components/VImg/index.mjs, vuetify/lib/components/VResponsive/index.mjs, vuetify/lib/components/VMain/index.mjs, vuetify/lib/components/VAppBar/index.mjs\n","stream":"stdout","time":"2023-11-23T05:43:55.090730004Z"}
{"log":"5:43:55 AM [vite] ✨ optimized dependencies changed. reloading\n","stream":"stdout","time":"2023-11-23T05:43:55.091633293Z"}
{"log":"5:52:21 AM [vite] hmr update /src/components/HelloWorld.vue\n","stream":"stdout","time":"2023-11-23T05:52:21.258878243Z"}
{"log":"5:52:24 AM [vite] hmr update /src/components/HelloWorld.vue\n","stream":"stdout","time":"2023-11-23T05:52:24.929218453Z"}
{"log":"5:52:38 AM [vite] hmr update /src/components/HelloWorld.vue\n","stream":"stdout","time":"2023-11-23T05:52:38.47009366Z"}
{"log":"5:52:39 AM [vite] ✨ new dependencies optimized: axios\n","stream":"stdout","time":"2023-11-23T05:52:39.118138499Z"}
{"log":"5:52:39 AM [vite] ✨ optimized dependencies changed. reloading\n","stream":"stdout","time":"2023-11-23T05:52:39.120930798Z"}
{"log":"5:53:51 AM [vite] hmr update /src/components/HelloWorld.vue\n","stream":"stdout","time":"2023-11-23T05:53:51.687276955Z"}
{"log":"5:54:00 AM [vite] hmr update /src/components/HelloWorld.vue\n","stream":"stdout","time":"2023-11-23T05:54:00.507645524Z"}
{"log":"5:54:00 AM [vite] Internal server error: Invalid end tag.\n","stream":"stderr","time":"2023-11-23T05:54:00.62468299Z"}
{"log":"  Plugin: vite:vue\n","stream":"stderr","time":"2023-11-23T05:54:00.624731761Z"}
{"log":"  File: /app/src/components/HelloWorld.vue:93:4\n","stream":"stderr","time":"2023-11-23T05:54:00.624734476Z"}
{"log":"  91 |  //   }\n","stream":"stderr","time":"2023-11-23T05:54:00.624736841Z"}
{"log":"  92 |  // };\n","stream":"stderr","time":"2023-11-23T05:54:00.624738834Z"}
{"log":"  93 |  // \u003c/script\u003e\n","stream":"stderr","time":"2023-11-23T05:54:00.624740818Z"}
{"log":"     |      ^\n","stream":"stderr","time":"2023-11-23T05:54:00.624743684Z"}
{"log":"  94 |  \n","stream":"stderr","time":"2023-11-23T05:54:00.624745687Z"}
{"log":"      at createCompilerError (/app/node_modules/@vue/compiler-core/dist/compiler-core.cjs.js:18:17)\n","stream":"stderr","time":"2023-11-23T05:54:00.624747891Z"}
{"log":"      at emitError (/app/node_modules/@vue/compiler-core/dist/compiler-core.cjs.js:1482:5)\n","stream":"stderr","time":"2023-11-23T05:54:00.624750085Z"}
{"log":"      at parseChildren (/app/node_modules/@vue/compiler-core/dist/compiler-core.cjs.js:832:13)\n","stream":"stderr","time":"2023-11-23T05:54:00.62475228Z"}
{"log":"      at Object.baseParse (/app/node_modules/@vue/compiler-core/dist/compiler-core.cjs.js:773:5)\n","stream":"stderr","time":"2023-11-23T05:54:00.624754884Z"}
{"log":"      at Object.parse (/app/node_modules/@vue/compiler-dom/dist/compiler-dom.cjs.js:3025:23)\n","stream":"stderr","time":"2023-11-23T05:54:00.624757119Z"}
{"log":"      at Object.parse$2 [as parse] (/app/node_modules/@vue/compiler-sfc/dist/compiler-sfc.cjs.js:1827:24)\n","stream":"stderr","time":"2023-11-23T05:54:00.624759293Z"}
{"log":"      at createDescriptor (/app/node_modules/@vitejs/plugin-vue/dist/index.cjs:86:43)\n","stream":"stderr","time":"2023-11-23T05:54:00.624761327Z"}
{"log":"      at handleHotUpdate (/app/node_modules/@vitejs/plugin-vue/dist/index.cjs:2138:26)\n","stream":"stderr","time":"2023-11-23T05:54:00.625083118Z"}
{"log":"      at async handleHMRUpdate (file:///app/node_modules/vite/dist/node/chunks/dep-bb8a8339.js:41307:33)\n","stream":"stderr","time":"2023-11-23T05:54:00.625093728Z"}
{"log":"      at async onHMRUpdate (file:///app/node_modules/vite/dist/node/chunks/dep-bb8a8339.js:65198:17)\n","stream":"stderr","time":"2023-11-23T05:54:00.625096363Z"}
{"log":"5:54:00 AM [vite] Internal server error: Invalid end tag.\n","stream":"stderr","time":"2023-11-23T05:54:00.649518771Z"}
{"log":"  Plugin: vite:vue\n","stream":"stderr","time":"2023-11-23T05:54:00.649597027Z"}
{"log":"  File: /app/src/components/HelloWorld.vue:93:4\n","stream":"stderr","time":"2023-11-23T05:54:00.649606425Z"}
{"log":"  91 |  //   }\n","stream":"stderr","time":"2023-11-23T05:54:00.64960925Z"}
{"log":"  92 |  // };\n","stream":"stderr","time":"2023-11-23T05:54:00.649611545Z"}
{"log":"  93 |  // \u003c/script\u003e\n","stream":"stderr","time":"2023-11-23T05:54:00.649613849Z"}
{"log":"     |      ^\n","stream":"stderr","time":"2023-11-23T05:54:00.649617125Z"}
{"log":"  94 |  \n","stream":"stderr","time":"2023-11-23T05:54:00.64961972Z"}
{"log":"      at createCompilerError (/app/node_modules/@vue/compiler-core/dist/compiler-core.cjs.js:18:17)\n","stream":"stderr","time":"2023-11-23T05:54:00.649622104Z"}
{"log":"      at emitError (/app/node_modules/@vue/compiler-core/dist/compiler-core.cjs.js:1482:5)\n","stream":"stderr","time":"2023-11-23T05:54:00.649624559Z"}
{"log":"      at parseChildren (/app/node_modules/@vue/compiler-core/dist/compiler-core.cjs.js:832:13)\n","stream":"stderr","time":"2023-11-23T05:54:00.649626833Z"}
{"log":"      at Object.baseParse (/app/node_modules/@vue/compiler-core/dist/compiler-core.cjs.js:773:5)\n","stream":"stderr","time":"2023-11-23T05:54:00.649629178Z"}
{"log":"      at Object.parse (/app/node_modules/@vue/compiler-dom/dist/compiler-dom.cjs.js:3025:23)\n","stream":"stderr","time":"2023-11-23T05:54:00.649631442Z"}
{"log":"      at Object.parse$2 [as parse] (/app/node_modules/@vue/compiler-sfc/dist/compiler-sfc.cjs.js:1827:24)\n","stream":"stderr","time":"2023-11-23T05:54:00.649633726Z"}
{"log":"      at createDescriptor (/app/node_modules/@vitejs/plugin-vue/dist/index.cjs:86:43)\n","stream":"stderr","time":"2023-11-23T05:54:00.64963601Z"}
{"log":"      at handleHotUpdate (/app/node_modules/@vitejs/plugin-vue/dist/index.cjs:2138:26)\n","stream":"stderr","time":"2023-11-23T05:54:00.649638265Z"}
{"log":"      at async handleHMRUpdate (file:///app/node_modules/vite/dist/node/chunks/dep-bb8a8339.js:41307:33)\n","stream":"stderr","time":"2023-11-23T05:54:00.649640589Z"}
{"log":"      at async onHMRUpdate (file:///app/node_modules/vite/dist/node/chunks/dep-bb8a8339.js:65198:17)\n","stream":"stderr","time":"2023-11-23T05:54:00.649642883Z"}
{"log":"5:54:02 AM [vite] hmr update /src/components/HelloWorld.vue\n","stream":"stdout","time":"2023-11-23T05:54:02.445458852Z"}
{"log":"5:54:08 AM [vite] hmr update /src/components/HelloWorld.vue\n","stream":"stdout","time":"2023-11-23T05:54:08.678257679Z"}
{"log":"5:54:12 AM [vite] hmr update /src/components/HelloWorld.vue\n","stream":"stdout","time":"2023-11-23T05:54:12.075276677Z"}
{"log":"5:54:43 AM [vite] hmr update /src/components/HelloWorld.vue\n","stream":"stdout","time":"2023-11-23T05:54:43.47237341Z"}
{"log":"5:54:54 AM [vite] hmr update /src/components/HelloWorld.vue\n","stream":"stdout","time":"2023-11-23T05:54:54.281053746Z"}
{"log":"5:54:57 AM [vite] hmr update /src/components/HelloWorld.vue\n","stream":"stdout","time":"2023-11-23T05:54:57.593605207Z"}
{"log":"5:55:01 AM [vite] hmr update /src/components/HelloWorld.vue\n","stream":"stdout","time":"2023-11-23T05:55:01.880109986Z"}
{"log":"5:55:17 AM [vite] hmr update /src/components/HelloWorld.vue\n","stream":"stdout","time":"2023-11-23T05:55:17.449030213Z"}
{"log":"5:55:23 AM [vite] hmr update /src/components/HelloWorld.vue\n","stream":"stdout","time":"2023-11-23T05:55:23.175413959Z"}
{"log":"5:55:27 AM [vite] hmr update /src/components/HelloWorld.vue\n","stream":"stdout","time":"2023-11-23T05:55:27.267037076Z"}
{"log":"5:55:52 AM [vite] hmr update /src/components/HelloWorld.vue\n","stream":"stdout","time":"2023-11-23T05:55:52.76169003Z"}
{"log":"5:55:54 AM [vite] hmr update /src/components/HelloWorld.vue\n","stream":"stdout","time":"2023-11-23T05:55:54.466253763Z"}
{"log":"5:55:56 AM [vite] hmr update /src/components/HelloWorld.vue\n","stream":"stdout","time":"2023-11-23T05:55:56.19004773Z"}
{"log":"5:55:58 AM [vite] hmr update /src/components/HelloWorld.vue\n","stream":"stdout","time":"2023-11-23T05:55:58.371780784Z"}
{"log":"5:55:59 AM [vite] hmr update /src/components/HelloWorld.vue\n","stream":"stdout","time":"2023-11-23T05:55:59.561257587Z"}
{"log":"5:55:59 AM [vite] hmr update /src/components/HelloWorld.vue\n","stream":"stdout","time":"2023-11-23T05:55:59.610348161Z"}
{"log":"5:57:20 AM [vite] hmr update /src/components/HelloWorld.vue\n","stream":"stdout","time":"2023-11-23T05:57:20.509670945Z"}
{"log":"5:57:25 AM [vite] hmr update /src/components/HelloWorld.vue\n","stream":"stdout","time":"2023-11-23T05:57:25.811962923Z"}
{"log":"6:00:17 AM [vite] hmr update /src/components/HelloWorld.vue\n","stream":"stdout","time":"2023-11-23T06:00:17.940981424Z"}